<?xml version="1.0" encoding="UTF-8"?>
<testsuite name="IsPalindromeTest" tests="18" skipped="0" failures="0" errors="0" timestamp="2023-06-02T05:35:25" hostname="DESKTOP-1L6F461" time="0.082">
  <properties/>
  <testcase name="[1] otto, 1, 2" classname="IsPalindromeTest" time="0.041"/>
  <testcase name="[2] aerea, 2, 2" classname="IsPalindromeTest" time="0.001"/>
  <testcase name="[3] aveva, 1, 3" classname="IsPalindromeTest" time="0.001"/>
  <testcase name="[4] aci d ica, 2, 6" classname="IsPalindromeTest" time="0.0"/>
  <testcase name="[5] ingegni, 0, 6" classname="IsPalindromeTest" time="0.0"/>
  <testcase name="T5B: start &gt;= str.length()" classname="IsPalindromeTest" time="0.004"/>
  <testcase name="[1] abcde, 1, 2" classname="IsPalindromeTest" time="0.001"/>
  <testcase name="[2] qwerty, 2, 4" classname="IsPalindromeTest" time="0.001"/>
  <testcase name="[3] asdfg, 1, 3" classname="IsPalindromeTest" time="0.001"/>
  <testcase name="[4] zxc vb, 2, 3" classname="IsPalindromeTest" time="0.0"/>
  <testcase name="[5] $e â‚¬fl, 3, 4" classname="IsPalindromeTest" time="0.001"/>
  <testcase name="T6B: end &gt;= str.length()" classname="IsPalindromeTest" time="0.001"/>
  <testcase name="[1] null" classname="IsPalindromeTest" time="0.001"/>
  <testcase name="T3B: start &lt; 0" classname="IsPalindromeTest" time="0.001"/>
  <testcase name="T8B: str not null and end - start = 0" classname="IsPalindromeTest" time="0.001"/>
  <testcase name="[1] " classname="IsPalindromeTest" time="0.003"/>
  <testcase name="T4B: end &lt; 0" classname="IsPalindromeTest" time="0.001"/>
  <testcase name="T7B: end &lt; start" classname="IsPalindromeTest" time="0.001"/>
  <system-out><![CDATA[]]></system-out>
  <system-err><![CDATA[]]></system-err>
</testsuite>
